java -cp .:/usr/share/java/junit-4.10.jar:/usr/share/java/hamcrest/core-1.1.jar:json_simple.jar org.junit.runner.JUnitCore SubmissionTest
JUnit version 4.10
......json doesn't exist.
/u/css/beasonke/5666/scatt/unzips/Untitled/project.json
/u/css/beasonke/5666/scatt/unzips/Animate the Crab/project.json
.json doesn't exist.
/u/css/beasonke/5666/scatt/unzips/Untitled/project.json
/u/css/beasonke/5666/scatt/unzips/Animate the Crab/project.json
.json doesn't exist.
/u/css/beasonke/5666/scatt/unzips/Untitled/project.json
/u/css/beasonke/5666/scatt/unzips/Animate the Crab/project.json
E
Time: 0.14
There was 1 failure:
1) testGettingJSONArrayAttribute(SubmissionTest)
java.lang.AssertionError: expected: org.json.simple.JSONArray<[{"soundID":1,"sampleCount":258,"rate":11025,"format":"","soundName":"pop","md5":"83a9787d4cb6f3b7632b4ddfebf74367.wav"}]> but was: org.json.simple.JSONArray<[{"soundID":1,"sampleCount":258,"rate":11025,"format":"","soundName":"pop","md5":"83a9787d4cb6f3b7632b4ddfebf74367.wav"}]>
	at org.junit.Assert.fail(Assert.java:93)
	at org.junit.Assert.failNotEquals(Assert.java:647)
	at org.junit.Assert.assertEquals(Assert.java:128)
	at org.junit.Assert.assertEquals(Assert.java:147)
	at SubmissionTest.testGettingJSONArrayAttribute(SubmissionTest.java:286)
	at sun.reflect.NativeMethodAccessorImpl.invoke0(Native Method)
	at sun.reflect.NativeMethodAccessorImpl.invoke(NativeMethodAccessorImpl.java:62)
	at sun.reflect.DelegatingMethodAccessorImpl.invoke(DelegatingMethodAccessorImpl.java:43)
	at java.lang.reflect.Method.invoke(Method.java:497)
	at org.junit.runners.model.FrameworkMethod$1.runReflectiveCall(FrameworkMethod.java:45)
	at org.junit.internal.runners.model.ReflectiveCallable.run(ReflectiveCallable.java:15)
	at org.junit.runners.model.FrameworkMethod.invokeExplosively(FrameworkMethod.java:42)
	at org.junit.internal.runners.statements.InvokeMethod.evaluate(InvokeMethod.java:20)
	at org.junit.internal.runners.statements.RunBefores.evaluate(RunBefores.java:28)
	at org.junit.internal.runners.statements.RunAfters.evaluate(RunAfters.java:30)
	at org.junit.runners.ParentRunner.runLeaf(ParentRunner.java:263)
	at org.junit.runners.BlockJUnit4ClassRunner.runChild(BlockJUnit4ClassRunner.java:68)
	at org.junit.runners.BlockJUnit4ClassRunner.runChild(BlockJUnit4ClassRunner.java:47)
	at org.junit.runners.ParentRunner$3.run(ParentRunner.java:231)
	at org.junit.runners.ParentRunner$1.schedule(ParentRunner.java:60)
	at org.junit.runners.ParentRunner.runChildren(ParentRunner.java:229)
	at org.junit.runners.ParentRunner.access$000(ParentRunner.java:50)
	at org.junit.runners.ParentRunner$2.evaluate(ParentRunner.java:222)
	at org.junit.runners.ParentRunner.run(ParentRunner.java:300)
	at org.junit.runners.Suite.runChild(Suite.java:128)
	at org.junit.runners.Suite.runChild(Suite.java:24)
	at org.junit.runners.ParentRunner$3.run(ParentRunner.java:231)
	at org.junit.runners.ParentRunner$1.schedule(ParentRunner.java:60)
	at org.junit.runners.ParentRunner.runChildren(ParentRunner.java:229)
	at org.junit.runners.ParentRunner.access$000(ParentRunner.java:50)
	at org.junit.runners.ParentRunner$2.evaluate(ParentRunner.java:222)
	at org.junit.runners.ParentRunner.run(ParentRunner.java:300)
	at org.junit.runner.JUnitCore.run(JUnitCore.java:157)
	at org.junit.runner.JUnitCore.run(JUnitCore.java:136)
	at org.junit.runner.JUnitCore.run(JUnitCore.java:117)
	at org.junit.runner.JUnitCore.runMain(JUnitCore.java:98)
	at org.junit.runner.JUnitCore.runMainAndExit(JUnitCore.java:53)
	at org.junit.runner.JUnitCore.main(JUnitCore.java:45)

FAILURES!!!
Tests run: 8,  Failures: 1

